<?xml version="1.0" encoding="UTF-8"?>
<testsuite name="pieritz.prince.Docker.Message.DockerMessageApplicationTests" tests="1" skipped="0" failures="0" errors="0" timestamp="2024-01-30T14:36:30" hostname="SHARKOON" time="1.346">
  <properties/>
  <testcase name="contextLoads()" classname="pieritz.prince.Docker.Message.DockerMessageApplicationTests" time="1.346"/>
  <system-out><![CDATA[15:36:14.422 [Test worker] INFO org.springframework.test.context.support.AnnotationConfigContextLoaderUtils -- Could not detect default configuration classes for test class [pieritz.prince.Docker.Message.DockerMessageApplicationTests]: DockerMessageApplicationTests does not declare any static, non-private, non-final, nested classes annotated with @Configuration.
15:36:14.748 [Test worker] INFO org.springframework.boot.test.context.SpringBootTestContextBootstrapper -- Found @SpringBootConfiguration pieritz.prince.Docker.Message.DockerMessageApplication for test class pieritz.prince.Docker.Message.DockerMessageApplicationTests

  .   ____          _            __ _ _
 /\\ / ___'_ __ _ _(_)_ __  __ _ \ \ \ \
( ( )\___ | '_ | '_| | '_ \/ _` | \ \ \ \
 \\/  ___)| |_)| | | | | || (_| |  ) ) ) )
  '  |____| .__|_| |_|_| |_\__, | / / / /
 =========|_|==============|___/=/_/_/_/
 :: Spring Boot ::                (v3.2.2)

2024-01-30T15:36:15.911+01:00  INFO 17488 --- [    Test worker] p.p.D.M.DockerMessageApplicationTests    : Starting DockerMessageApplicationTests using Java 17.0.6 with PID 17488 (started by Prince in C:\Users\Prince\Desktop\Dockerizing a Springboot Application\Docker-Message)
2024-01-30T15:36:15.913+01:00  INFO 17488 --- [    Test worker] p.p.D.M.DockerMessageApplicationTests    : No active profile set, falling back to 1 default profile: "default"
2024-01-30T15:36:19.395+01:00  INFO 17488 --- [    Test worker] .s.d.r.c.RepositoryConfigurationDelegate : Bootstrapping Spring Data JPA repositories in DEFAULT mode.
2024-01-30T15:36:19.479+01:00  INFO 17488 --- [    Test worker] .s.d.r.c.RepositoryConfigurationDelegate : Finished Spring Data repository scanning in 33 ms. Found 0 JPA repository interfaces.
2024-01-30T15:36:21.536+01:00  INFO 17488 --- [    Test worker] o.hibernate.jpa.internal.util.LogHelper  : HHH000204: Processing PersistenceUnitInfo [name: default]
2024-01-30T15:36:21.866+01:00  INFO 17488 --- [    Test worker] org.hibernate.Version                    : HHH000412: Hibernate ORM core version 6.4.1.Final
2024-01-30T15:36:22.032+01:00  INFO 17488 --- [    Test worker] o.h.c.internal.RegionFactoryInitiator    : HHH000026: Second-level cache disabled
2024-01-30T15:36:23.063+01:00  INFO 17488 --- [    Test worker] o.s.o.j.p.SpringPersistenceUnitInfo      : No LoadTimeWeaver setup: ignoring JPA class transformer
2024-01-30T15:36:23.162+01:00  INFO 17488 --- [    Test worker] com.zaxxer.hikari.HikariDataSource       : HikariPool-1 - Starting...
2024-01-30T15:36:23.674+01:00  INFO 17488 --- [    Test worker] com.zaxxer.hikari.pool.HikariPool        : HikariPool-1 - Added connection com.mysql.cj.jdbc.ConnectionImpl@103478b8
2024-01-30T15:36:23.680+01:00  INFO 17488 --- [    Test worker] com.zaxxer.hikari.HikariDataSource       : HikariPool-1 - Start completed.
2024-01-30T15:36:23.919+01:00  WARN 17488 --- [    Test worker] org.hibernate.orm.deprecation            : HHH90000025: MySQLDialect does not need to be specified explicitly using 'hibernate.dialect' (remove the property setting and it will be selected by default)
2024-01-30T15:36:25.084+01:00  INFO 17488 --- [    Test worker] o.h.e.t.j.p.i.JtaPlatformInitiator       : HHH000489: No JTA platform available (set 'hibernate.transaction.jta.platform' to enable JTA platform integration)
2024-01-30T15:36:25.103+01:00  INFO 17488 --- [    Test worker] j.LocalContainerEntityManagerFactoryBean : Initialized JPA EntityManagerFactory for persistence unit 'default'
2024-01-30T15:36:25.907+01:00  WARN 17488 --- [    Test worker] JpaBaseConfiguration$JpaWebConfiguration : spring.jpa.open-in-view is enabled by default. Therefore, database queries may be performed during view rendering. Explicitly configure spring.jpa.open-in-view to disable this warning
2024-01-30T15:36:28.832+01:00  WARN 17488 --- [    Test worker] .s.s.UserDetailsServiceAutoConfiguration : 

Using generated security password: 0c81750e-ea69-4057-9807-d0b2cad31c87

This generated password is for development use only. Your security configuration must be updated before running your application in production.

2024-01-30T15:36:29.533+01:00  INFO 17488 --- [    Test worker] o.s.b.a.e.web.EndpointLinksResolver      : Exposing 13 endpoint(s) beneath base path '/actuator'
2024-01-30T15:36:29.598+01:00  INFO 17488 --- [    Test worker] o.s.s.web.DefaultSecurityFilterChain     : Will secure any request with [org.springframework.security.web.session.DisableEncodeUrlFilter@29b2a94c, org.springframework.security.web.context.request.async.WebAsyncManagerIntegrationFilter@108d59b6, org.springframework.security.web.context.SecurityContextHolderFilter@6e161cea, org.springframework.security.web.header.HeaderWriterFilter@6d7d0946, org.springframework.web.filter.CorsFilter@38d9c9c4, org.springframework.security.web.csrf.CsrfFilter@1e65c4d, org.springframework.security.web.authentication.logout.LogoutFilter@3a388769, org.springframework.security.web.authentication.UsernamePasswordAuthenticationFilter@5f5fb335, org.springframework.security.web.authentication.ui.DefaultLoginPageGeneratingFilter@5d50e7f6, org.springframework.security.web.authentication.ui.DefaultLogoutPageGeneratingFilter@a4388f1, org.springframework.security.web.authentication.www.BasicAuthenticationFilter@31c31fa6, org.springframework.security.web.savedrequest.RequestCacheAwareFilter@2cbae0f1, org.springframework.security.web.servletapi.SecurityContextHolderAwareRequestFilter@30f54522, org.springframework.security.web.authentication.AnonymousAuthenticationFilter@3687b83c, org.springframework.security.web.access.ExceptionTranslationFilter@1a5c0b8, org.springframework.security.web.access.intercept.AuthorizationFilter@701bd6e8]
2024-01-30T15:36:30.114+01:00  INFO 17488 --- [    Test worker] p.p.D.M.DockerMessageApplicationTests    : Started DockerMessageApplicationTests in 14.85 seconds (process running for 17.259)
]]></system-out>
  <system-err><![CDATA[]]></system-err>
</testsuite>
