<?xml version="1.0" encoding="UTF-8"?>
<testsuite name="pieritz.prince.Docker.Message.DockerMessageApplicationTests" tests="1" skipped="0" failures="0" errors="0" timestamp="2024-01-30T14:57:03" hostname="SHARKOON" time="1.213">
  <properties/>
  <testcase name="contextLoads()" classname="pieritz.prince.Docker.Message.DockerMessageApplicationTests" time="1.213"/>
  <system-out><![CDATA[15:56:53.192 [Test worker] INFO org.springframework.test.context.support.AnnotationConfigContextLoaderUtils -- Could not detect default configuration classes for test class [pieritz.prince.Docker.Message.DockerMessageApplicationTests]: DockerMessageApplicationTests does not declare any static, non-private, non-final, nested classes annotated with @Configuration.
15:56:53.444 [Test worker] INFO org.springframework.boot.test.context.SpringBootTestContextBootstrapper -- Found @SpringBootConfiguration pieritz.prince.Docker.Message.DockerMessageApplication for test class pieritz.prince.Docker.Message.DockerMessageApplicationTests

  .   ____          _            __ _ _
 /\\ / ___'_ __ _ _(_)_ __  __ _ \ \ \ \
( ( )\___ | '_ | '_| | '_ \/ _` | \ \ \ \
 \\/  ___)| |_)| | | | | || (_| |  ) ) ) )
  '  |____| .__|_| |_|_| |_\__, | / / / /
 =========|_|==============|___/=/_/_/_/
 :: Spring Boot ::                (v3.2.2)

2024-01-30T15:56:54.374+01:00  INFO 16008 --- [    Test worker] p.p.D.M.DockerMessageApplicationTests    : Starting DockerMessageApplicationTests using Java 17.0.6 with PID 16008 (started by Prince in C:\Users\Prince\Desktop\Dockerizing a Springboot Application\Docker-Message)
2024-01-30T15:56:54.376+01:00  INFO 16008 --- [    Test worker] p.p.D.M.DockerMessageApplicationTests    : No active profile set, falling back to 1 default profile: "default"
2024-01-30T15:56:56.446+01:00  INFO 16008 --- [    Test worker] .s.d.r.c.RepositoryConfigurationDelegate : Bootstrapping Spring Data JPA repositories in DEFAULT mode.
2024-01-30T15:56:56.494+01:00  INFO 16008 --- [    Test worker] .s.d.r.c.RepositoryConfigurationDelegate : Finished Spring Data repository scanning in 29 ms. Found 0 JPA repository interfaces.
2024-01-30T15:56:57.789+01:00  INFO 16008 --- [    Test worker] o.hibernate.jpa.internal.util.LogHelper  : HHH000204: Processing PersistenceUnitInfo [name: default]
2024-01-30T15:56:57.988+01:00  INFO 16008 --- [    Test worker] org.hibernate.Version                    : HHH000412: Hibernate ORM core version 6.4.1.Final
2024-01-30T15:56:58.098+01:00  INFO 16008 --- [    Test worker] o.h.c.internal.RegionFactoryInitiator    : HHH000026: Second-level cache disabled
2024-01-30T15:56:58.855+01:00  INFO 16008 --- [    Test worker] o.s.o.j.p.SpringPersistenceUnitInfo      : No LoadTimeWeaver setup: ignoring JPA class transformer
2024-01-30T15:56:58.943+01:00  INFO 16008 --- [    Test worker] com.zaxxer.hikari.HikariDataSource       : HikariPool-1 - Starting...
2024-01-30T15:56:59.433+01:00  INFO 16008 --- [    Test worker] com.zaxxer.hikari.pool.HikariPool        : HikariPool-1 - Added connection com.mysql.cj.jdbc.ConnectionImpl@215a0264
2024-01-30T15:56:59.438+01:00  INFO 16008 --- [    Test worker] com.zaxxer.hikari.HikariDataSource       : HikariPool-1 - Start completed.
2024-01-30T15:56:59.545+01:00  WARN 16008 --- [    Test worker] org.hibernate.orm.deprecation            : HHH90000025: MySQLDialect does not need to be specified explicitly using 'hibernate.dialect' (remove the property setting and it will be selected by default)
2024-01-30T15:57:00.679+01:00  INFO 16008 --- [    Test worker] o.h.e.t.j.p.i.JtaPlatformInitiator       : HHH000489: No JTA platform available (set 'hibernate.transaction.jta.platform' to enable JTA platform integration)
2024-01-30T15:57:00.695+01:00  INFO 16008 --- [    Test worker] j.LocalContainerEntityManagerFactoryBean : Initialized JPA EntityManagerFactory for persistence unit 'default'
2024-01-30T15:57:01.224+01:00  WARN 16008 --- [    Test worker] JpaBaseConfiguration$JpaWebConfiguration : spring.jpa.open-in-view is enabled by default. Therefore, database queries may be performed during view rendering. Explicitly configure spring.jpa.open-in-view to disable this warning
2024-01-30T15:57:03.021+01:00  WARN 16008 --- [    Test worker] .s.s.UserDetailsServiceAutoConfiguration : 

Using generated security password: f671c838-7463-49a7-967a-44dee6032a31

This generated password is for development use only. Your security configuration must be updated before running your application in production.

2024-01-30T15:57:03.345+01:00  INFO 16008 --- [    Test worker] o.s.b.a.e.web.EndpointLinksResolver      : Exposing 13 endpoint(s) beneath base path '/actuator'
2024-01-30T15:57:03.395+01:00  INFO 16008 --- [    Test worker] o.s.s.web.DefaultSecurityFilterChain     : Will secure any request with [org.springframework.security.web.session.DisableEncodeUrlFilter@60e5b3a8, org.springframework.security.web.context.request.async.WebAsyncManagerIntegrationFilter@1e084a26, org.springframework.security.web.context.SecurityContextHolderFilter@2dc72c0c, org.springframework.security.web.header.HeaderWriterFilter@6894436e, org.springframework.web.filter.CorsFilter@31c31fa6, org.springframework.security.web.csrf.CsrfFilter@793248d, org.springframework.security.web.authentication.logout.LogoutFilter@55c78556, org.springframework.security.web.authentication.UsernamePasswordAuthenticationFilter@cbea0df, org.springframework.security.web.authentication.ui.DefaultLoginPageGeneratingFilter@5af47414, org.springframework.security.web.authentication.ui.DefaultLogoutPageGeneratingFilter@70ebaa1e, org.springframework.security.web.authentication.www.BasicAuthenticationFilter@36e9794c, org.springframework.security.web.savedrequest.RequestCacheAwareFilter@6e161cea, org.springframework.security.web.servletapi.SecurityContextHolderAwareRequestFilter@72155315, org.springframework.security.web.authentication.AnonymousAuthenticationFilter@3d5e3f58, org.springframework.security.web.access.ExceptionTranslationFilter@1e284d90, org.springframework.security.web.access.intercept.AuthorizationFilter@7164e54]
2024-01-30T15:57:03.776+01:00  INFO 16008 --- [    Test worker] p.p.D.M.DockerMessageApplicationTests    : Started DockerMessageApplicationTests in 9.947 seconds (process running for 12.307)
]]></system-out>
  <system-err><![CDATA[]]></system-err>
</testsuite>
